{
  "stats": {
    "suites": 1,
    "tests": 4,
    "passes": 4,
    "pending": 0,
    "failures": 0,
    "start": "2024-05-19T23:05:41.095Z",
    "end": "2024-05-19T23:06:12.848Z",
    "duration": 31753,
    "testsRegistered": 4,
    "passPercent": 100,
    "pendingPercent": 0,
    "other": 0,
    "hasOther": false,
    "skipped": 0,
    "hasSkipped": false
  },
  "results": [
    {
      "uuid": "28226a7f-c2d8-44c9-b49e-11851a5f2215",
      "title": "",
      "fullFile": "cypress/integration/tests/wtwUITests.spec.js",
      "file": "cypress/integration/tests/wtwUITests.spec.js",
      "beforeHooks": [],
      "afterHooks": [],
      "tests": [],
      "suites": [
        {
          "uuid": "3c220cc6-1e65-4382-b3e2-de55eca3daf4",
          "title": "WTW UI Automation Tests",
          "fullFile": "",
          "file": "",
          "beforeHooks": [],
          "afterHooks": [],
          "tests": [
            {
              "title": "Location and Laguage test",
              "fullTitle": "WTW UI Automation Tests Location and Laguage test",
              "timedOut": null,
              "duration": 6519,
              "state": "passed",
              "speed": "medium",
              "pass": true,
              "fail": false,
              "pending": false,
              "context": null,
              "code": "// act\nhomePage.getLocationAndLanguage().then(text => {\n  if (!text.includes(jsonData.countryCode) && !text.includes(jsonData.languageCode)) {\n    homePage.clickLocationAndLanguage();\n    locationAndLanguagePage.selectMainLocation(jsonData.mainLocation);\n    locationAndLanguagePage.selectCountryAndLanguage(jsonData.country, jsonData.language);\n  }\n});\n// assert\nhomePage.assertLocationAndLanguage(jsonData.countryCode, jsonData.languageCode);",
              "err": {},
              "uuid": "98ed649b-89f5-4882-bac4-f3e481d72076",
              "parentUUID": "3c220cc6-1e65-4382-b3e2-de55eca3daf4",
              "isHook": false,
              "skipped": false
            },
            {
              "title": "Check and Sort by Date test",
              "fullTitle": "WTW UI Automation Tests Check and Sort by Date test",
              "timedOut": null,
              "duration": 9675,
              "state": "passed",
              "speed": "medium",
              "pass": true,
              "fail": false,
              "pending": false,
              "context": null,
              "code": "// arrange\nhomePage.search(jsonData.searchQuery);\n// act\nsearchPage.checkSort();\n// assert\nsearchPage.assertListSortedByDate();",
              "err": {},
              "uuid": "00337b83-4067-481e-8528-aa17c1f1a58e",
              "parentUUID": "3c220cc6-1e65-4382-b3e2-de55eca3daf4",
              "isHook": false,
              "skipped": false
            },
            {
              "title": "Filter by Article test",
              "fullTitle": "WTW UI Automation Tests Filter by Article test",
              "timedOut": null,
              "duration": 8023,
              "state": "passed",
              "speed": "medium",
              "pass": true,
              "fail": false,
              "pending": false,
              "context": null,
              "code": "// arrange\nsearchPage.visitSearch(jsonData.searchQuery);\nsearchPage.checkSort();\n// act\nfilterComponents.filterByArticle();\n// assert\nfilterComponents.assertArticleIsSelected();",
              "err": {},
              "uuid": "f9656e6a-3c48-471e-869e-585bf255935b",
              "parentUUID": "3c220cc6-1e65-4382-b3e2-de55eca3daf4",
              "isHook": false,
              "skipped": false
            },
            {
              "title": "Link displayed in each article in the list test ",
              "fullTitle": "WTW UI Automation Tests Link displayed in each article in the list test ",
              "timedOut": null,
              "duration": 7056,
              "state": "passed",
              "speed": "medium",
              "pass": true,
              "fail": false,
              "pending": false,
              "context": null,
              "code": "// arrange\nsearchPage.visitSearch(jsonData.searchQuery);\n// act\nsearchPage.checkSort();\nfilterComponents.filterByArticle();\n// assert\nresultcomponents.assertLinkDisplay();",
              "err": {},
              "uuid": "eaa54a94-3e53-4951-81de-be65cc008a9b",
              "parentUUID": "3c220cc6-1e65-4382-b3e2-de55eca3daf4",
              "isHook": false,
              "skipped": false
            }
          ],
          "suites": [],
          "passes": [
            "98ed649b-89f5-4882-bac4-f3e481d72076",
            "00337b83-4067-481e-8528-aa17c1f1a58e",
            "f9656e6a-3c48-471e-869e-585bf255935b",
            "eaa54a94-3e53-4951-81de-be65cc008a9b"
          ],
          "failures": [],
          "pending": [],
          "skipped": [],
          "duration": 31273,
          "root": false,
          "rootEmpty": false,
          "_timeout": 2000
        }
      ],
      "passes": [],
      "failures": [],
      "pending": [],
      "skipped": [],
      "duration": 0,
      "root": true,
      "rootEmpty": true,
      "_timeout": 2000
    }
  ],
  "meta": {
    "mocha": {
      "version": "7.0.1"
    },
    "mochawesome": {
      "options": {
        "quiet": false,
        "reportFilename": "mochawesome",
        "saveHtml": false,
        "saveJson": true,
        "consoleReporter": "spec",
        "useInlineDiffs": false,
        "code": true
      },
      "version": "7.1.3"
    },
    "marge": {
      "options": {
        "reportDir": "cypress/reports",
        "overwrite": false,
        "html": false,
        "json": true
      },
      "version": "6.2.0"
    }
  }
}